lab5/app/build/intermediates/manifest_merge_blame_file/debug/manifest-merger-blame-debug-report.txt
1<?xml version="1.0" encoding="utf-8"?>
2<manifest xmlns:android="http://schemas.android.com/apk/res/android"
3    package="com.dovhal.android_labs.android.lab5"
4    android:versionCode="1"
5    android:versionName="1.0" >
6
7    <uses-sdk
8        android:minSdkVersion="29"
8-->src/main/AndroidManifest.xml
9        android:targetSdkVersion="33" />
9-->src/main/AndroidManifest.xml
10
11    <uses-permission android:name="android.permission.INTERNET" />
11-->src/main/AndroidManifest.xml:5:5-67
11-->src/main/AndroidManifest.xml:5:22-64
12    <uses-permission android:name="android.permission.WRITE_EXTERNAL_STORAGE" />
12-->src/main/AndroidManifest.xml:6:5-81
12-->src/main/AndroidManifest.xml:6:22-78
13    <uses-permission android:name="android.permission.READ_EXTERNAL_STORAGE" />
13-->src/main/AndroidManifest.xml:7:5-79
13-->src/main/AndroidManifest.xml:7:22-77
14
15    <permission
15-->[androidx.core:core:1.9.0] AndroidManifest.xml:22:5-24:47
16        android:name="com.dovhal.android_labs.android.lab5.DYNAMIC_RECEIVER_NOT_EXPORTED_PERMISSION"
16-->[androidx.core:core:1.9.0] AndroidManifest.xml:23:9-81
17        android:protectionLevel="signature" />
17-->[androidx.core:core:1.9.0] AndroidManifest.xml:24:9-44
18
19    <uses-permission android:name="com.dovhal.android_labs.android.lab5.DYNAMIC_RECEIVER_NOT_EXPORTED_PERMISSION" />
19-->[androidx.core:core:1.9.0] AndroidManifest.xml:26:5-97
19-->[androidx.core:core:1.9.0] AndroidManifest.xml:26:22-94
20
21    <application
21-->src/main/AndroidManifest.xml:9:5-33:19
22        android:name="com.dovhal.android_labs.android.lab5.App"
22-->src/main/AndroidManifest.xml:10:9-64
23        android:allowBackup="true"
23-->src/main/AndroidManifest.xml:11:9-35
24        android:appComponentFactory="androidx.core.app.CoreComponentFactory"
24-->[androidx.core:core:1.9.0] AndroidManifest.xml:28:18-86
25        android:dataExtractionRules="@xml/data_extraction_rules"
25-->src/main/AndroidManifest.xml:12:9-65
26        android:debuggable="true"
27        android:extractNativeLibs="false"
28        android:fullBackupContent="@xml/backup_rules"
28-->src/main/AndroidManifest.xml:13:9-54
29        android:icon="@mipmap/ic_launcher"
29-->src/main/AndroidManifest.xml:14:9-43
30        android:label="@string/app_name"
30-->src/main/AndroidManifest.xml:15:9-41
31        android:roundIcon="@mipmap/ic_launcher_round"
31-->src/main/AndroidManifest.xml:16:9-54
32        android:supportsRtl="true"
32-->src/main/AndroidManifest.xml:17:9-35
33        android:testOnly="true"
34        android:theme="@style/Theme.Lab5" >
34-->src/main/AndroidManifest.xml:18:9-42
35        <activity
35-->src/main/AndroidManifest.xml:20:9-32:20
36            android:name="com.dovhal.android_labs.android.lab5.MainActivity"
36-->src/main/AndroidManifest.xml:21:13-77
37            android:exported="true" >
37-->src/main/AndroidManifest.xml:22:13-36
38            <intent-filter>
38-->src/main/AndroidManifest.xml:23:13-27:29
39                <action android:name="android.intent.action.MAIN" />
39-->src/main/AndroidManifest.xml:24:17-69
39-->src/main/AndroidManifest.xml:24:25-66
40
41                <category android:name="android.intent.category.LAUNCHER" />
41-->src/main/AndroidManifest.xml:26:17-77
41-->src/main/AndroidManifest.xml:26:27-74
42            </intent-filter>
43
44            <meta-data
44-->src/main/AndroidManifest.xml:29:13-31:36
45                android:name="android.app.lib_name"
45-->src/main/AndroidManifest.xml:30:17-52
46                android:value="" />
46-->src/main/AndroidManifest.xml:31:17-33
47        </activity>
48
49        <service
49-->[androidx.room:room-runtime:2.5.0-beta02] AndroidManifest.xml:24:9-28:63
50            android:name="androidx.room.MultiInstanceInvalidationService"
50-->[androidx.room:room-runtime:2.5.0-beta02] AndroidManifest.xml:25:13-74
51            android:directBootAware="true"
51-->[androidx.room:room-runtime:2.5.0-beta02] AndroidManifest.xml:26:13-43
52            android:exported="false" />
52-->[androidx.room:room-runtime:2.5.0-beta02] AndroidManifest.xml:27:13-37
53
54        <provider
54-->[com.readystatesoftware.chuck:library:1.1.0] AndroidManifest.xml:23:9-26:40
55            android:name="com.readystatesoftware.chuck.internal.data.ChuckContentProvider"
55-->[com.readystatesoftware.chuck:library:1.1.0] AndroidManifest.xml:24:13-91
56            android:authorities="com.dovhal.android_labs.android.lab5.chuck.provider"
56-->[com.readystatesoftware.chuck:library:1.1.0] AndroidManifest.xml:25:13-66
57            android:exported="false" />
57-->[com.readystatesoftware.chuck:library:1.1.0] AndroidManifest.xml:26:13-37
58
59        <activity
59-->[com.readystatesoftware.chuck:library:1.1.0] AndroidManifest.xml:28:9-33:50
60            android:name="com.readystatesoftware.chuck.internal.ui.MainActivity"
60-->[com.readystatesoftware.chuck:library:1.1.0] AndroidManifest.xml:29:13-81
61            android:label="@string/chuck_name"
61-->[com.readystatesoftware.chuck:library:1.1.0] AndroidManifest.xml:30:13-47
62            android:launchMode="singleTask"
62-->[com.readystatesoftware.chuck:library:1.1.0] AndroidManifest.xml:31:13-44
63            android:taskAffinity="com.readystatesoftware.chuck.task"
63-->[com.readystatesoftware.chuck:library:1.1.0] AndroidManifest.xml:32:13-69
64            android:theme="@style/Chuck.Theme" />
64-->[com.readystatesoftware.chuck:library:1.1.0] AndroidManifest.xml:33:13-47
65        <activity
65-->[com.readystatesoftware.chuck:library:1.1.0] AndroidManifest.xml:34:9-37:50
66            android:name="com.readystatesoftware.chuck.internal.ui.TransactionActivity"
66-->[com.readystatesoftware.chuck:library:1.1.0] AndroidManifest.xml:35:13-88
67            android:parentActivityName="com.readystatesoftware.chuck.internal.ui.MainActivity"
67-->[com.readystatesoftware.chuck:library:1.1.0] AndroidManifest.xml:36:13-95
68            android:theme="@style/Chuck.Theme" />
68-->[com.readystatesoftware.chuck:library:1.1.0] AndroidManifest.xml:37:13-47
69
70        <service
70-->[com.readystatesoftware.chuck:library:1.1.0] AndroidManifest.xml:39:9-41:40
71            android:name="com.readystatesoftware.chuck.internal.support.ClearTransactionsService"
71-->[com.readystatesoftware.chuck:library:1.1.0] AndroidManifest.xml:40:13-98
72            android:exported="false" />
72-->[com.readystatesoftware.chuck:library:1.1.0] AndroidManifest.xml:41:13-37
73
74        <provider
74-->[androidx.emoji2:emoji2:1.2.0] AndroidManifest.xml:24:9-32:20
75            android:name="androidx.startup.InitializationProvider"
75-->[androidx.emoji2:emoji2:1.2.0] AndroidManifest.xml:25:13-67
76            android:authorities="com.dovhal.android_labs.android.lab5.androidx-startup"
76-->[androidx.emoji2:emoji2:1.2.0] AndroidManifest.xml:26:13-68
77            android:exported="false" >
77-->[androidx.emoji2:emoji2:1.2.0] AndroidManifest.xml:27:13-37
78            <meta-data
78-->[androidx.emoji2:emoji2:1.2.0] AndroidManifest.xml:29:13-31:52
79                android:name="androidx.emoji2.text.EmojiCompatInitializer"
79-->[androidx.emoji2:emoji2:1.2.0] AndroidManifest.xml:30:17-75
80                android:value="androidx.startup" />
80-->[androidx.emoji2:emoji2:1.2.0] AndroidManifest.xml:31:17-49
81            <meta-data
81-->[androidx.lifecycle:lifecycle-process:2.4.1] AndroidManifest.xml:31:13-33:52
82                android:name="androidx.lifecycle.ProcessLifecycleInitializer"
82-->[androidx.lifecycle:lifecycle-process:2.4.1] AndroidManifest.xml:32:17-78
83                android:value="androidx.startup" />
83-->[androidx.lifecycle:lifecycle-process:2.4.1] AndroidManifest.xml:33:17-49
84        </provider>
85    </application>
86
87</manifest>